  [1m[35m (0.3ms)[0m  [1m[35mSET NAMES utf8,  @@SESSION.sql_mode = CONCAT(CONCAT(@@sql_mode, ',STRICT_ALL_TABLES'), ',NO_AUTO_VALUE_ON_ZERO'),  @@SESSION.sql_auto_is_null = 0, @@SESSION.wait_timeout = 2147483[0m
  ↳ bin/rails:4
  [1m[35m (0.2ms)[0m  [1m[35mCREATE DATABASE `tv_web` DEFAULT CHARACTER SET `utf8`[0m
  ↳ bin/rails:4
  [1m[35m (0.2ms)[0m  [1m[35mSET NAMES utf8,  @@SESSION.sql_mode = CONCAT(CONCAT(@@sql_mode, ',STRICT_ALL_TABLES'), ',NO_AUTO_VALUE_ON_ZERO'),  @@SESSION.sql_auto_is_null = 0, @@SESSION.wait_timeout = 2147483[0m
  ↳ bin/rails:4
  [1m[35m (0.2ms)[0m  [1m[35mCREATE DATABASE `tv_web` DEFAULT CHARACTER SET `utf8`[0m
  ↳ bin/rails:4
Started GET "/" for ::1 at 2020-04-20 19:27:12 +0200
  [1m[35m (0.7ms)[0m  [1m[35mSET NAMES utf8,  @@SESSION.sql_mode = CONCAT(CONCAT(@@sql_mode, ',STRICT_ALL_TABLES'), ',NO_AUTO_VALUE_ON_ZERO'),  @@SESSION.sql_auto_is_null = 0, @@SESSION.wait_timeout = 2147483[0m
  ↳ /home/vergil/.rvm/gems/ruby-2.5.1/gems/activerecord-5.2.4.2/lib/active_record/log_subscriber.rb:98
Processing by Rails::WelcomeController#index as HTML
  Rendering /home/vergil/.rvm/gems/ruby-2.5.1/gems/railties-5.2.4.2/lib/rails/templates/rails/welcome/index.html.erb
  Rendered /home/vergil/.rvm/gems/ruby-2.5.1/gems/railties-5.2.4.2/lib/rails/templates/rails/welcome/index.html.erb (6.0ms)
Completed 200 OK in 10ms (Views: 9.2ms | ActiveRecord: 0.0ms)


Started GET "/favicon.ico" for ::1 at 2020-04-20 19:27:12 +0200
  
ActionController::RoutingError (No route matches [GET] "/favicon.ico"):
  
actionpack (5.2.4.2) lib/action_dispatch/middleware/debug_exceptions.rb:65:in `call'
actionpack (5.2.4.2) lib/action_dispatch/middleware/show_exceptions.rb:33:in `call'
railties (5.2.4.2) lib/rails/rack/logger.rb:38:in `call_app'
railties (5.2.4.2) lib/rails/rack/logger.rb:26:in `block in call'
activesupport (5.2.4.2) lib/active_support/tagged_logging.rb:71:in `block in tagged'
activesupport (5.2.4.2) lib/active_support/tagged_logging.rb:28:in `tagged'
activesupport (5.2.4.2) lib/active_support/tagged_logging.rb:71:in `tagged'
railties (5.2.4.2) lib/rails/rack/logger.rb:26:in `call'
actionpack (5.2.4.2) lib/action_dispatch/middleware/remote_ip.rb:81:in `call'
actionpack (5.2.4.2) lib/action_dispatch/middleware/request_id.rb:27:in `call'
rack (2.2.2) lib/rack/runtime.rb:22:in `call'
activesupport (5.2.4.2) lib/active_support/cache/strategy/local_cache_middleware.rb:29:in `call'
actionpack (5.2.4.2) lib/action_dispatch/middleware/executor.rb:14:in `call'
actionpack (5.2.4.2) lib/action_dispatch/middleware/static.rb:127:in `call'
rack (2.2.2) lib/rack/sendfile.rb:110:in `call'
railties (5.2.4.2) lib/rails/engine.rb:524:in `call'
puma (3.12.4) lib/puma/configuration.rb:227:in `call'
puma (3.12.4) lib/puma/server.rb:675:in `handle_request'
puma (3.12.4) lib/puma/server.rb:476:in `process_client'
puma (3.12.4) lib/puma/server.rb:334:in `block in run'
puma (3.12.4) lib/puma/thread_pool.rb:135:in `block in spawn_thread'
Started GET "/" for ::1 at 2020-04-22 13:10:02 +0200
  [1m[35m (7.6ms)[0m  [1m[35mSET NAMES utf8,  @@SESSION.sql_mode = CONCAT(CONCAT(@@sql_mode, ',STRICT_ALL_TABLES'), ',NO_AUTO_VALUE_ON_ZERO'),  @@SESSION.sql_auto_is_null = 0, @@SESSION.wait_timeout = 2147483[0m
  ↳ /home/vergil/.rvm/gems/ruby-2.5.1/gems/activerecord-5.2.4.2/lib/active_record/log_subscriber.rb:98
Processing by Rails::WelcomeController#index as */*
  Rendering /home/vergil/.rvm/gems/ruby-2.5.1/gems/railties-5.2.4.2/lib/rails/templates/rails/welcome/index.html.erb
  Rendered /home/vergil/.rvm/gems/ruby-2.5.1/gems/railties-5.2.4.2/lib/rails/templates/rails/welcome/index.html.erb (2.4ms)
Completed 200 OK in 15ms (Views: 8.5ms | ActiveRecord: 0.0ms)


  [1m[35m (0.3ms)[0m  [1m[35mSET NAMES utf8,  @@SESSION.sql_mode = CONCAT(CONCAT(@@sql_mode, ',STRICT_ALL_TABLES'), ',NO_AUTO_VALUE_ON_ZERO'),  @@SESSION.sql_auto_is_null = 0, @@SESSION.wait_timeout = 2147483[0m
  ↳ bin/rails:4
  [1m[35m (25.0ms)[0m  [1m[35mCREATE TABLE `schema_migrations` (`version` varchar(255) NOT NULL PRIMARY KEY)[0m
  ↳ bin/rails:4
  [1m[35m (21.7ms)[0m  [1m[35mCREATE TABLE `ar_internal_metadata` (`key` varchar(255) NOT NULL PRIMARY KEY, `value` varchar(255), `created_at` datetime NOT NULL, `updated_at` datetime NOT NULL)[0m
  ↳ bin/rails:4
  [1m[35m (0.5ms)[0m  [1m[34mSELECT GET_LOCK('1585439786465918460', 0)[0m
  ↳ bin/rails:4
  [1m[35m (0.3ms)[0m  [1m[34mSELECT `schema_migrations`.`version` FROM `schema_migrations` ORDER BY `schema_migrations`.`version` ASC[0m
  ↳ bin/rails:4
Migrating to CreateUsers (20200422125805)
  [1m[35m (0.2ms)[0m  [1m[34mSELECT RELEASE_LOCK('1585439786465918460')[0m
  ↳ bin/rails:4
  [1m[35m (0.2ms)[0m  [1m[35mSET NAMES utf8,  @@SESSION.sql_mode = CONCAT(CONCAT(@@sql_mode, ',STRICT_ALL_TABLES'), ',NO_AUTO_VALUE_ON_ZERO'),  @@SESSION.sql_auto_is_null = 0, @@SESSION.wait_timeout = 2147483[0m
  ↳ bin/rails:4
  [1m[35m (0.2ms)[0m  [1m[34mSELECT GET_LOCK('1585439786465918460', 0)[0m
  ↳ bin/rails:4
  [1m[35m (0.2ms)[0m  [1m[34mSELECT `schema_migrations`.`version` FROM `schema_migrations` ORDER BY `schema_migrations`.`version` ASC[0m
  ↳ bin/rails:4
Migrating to CreateUsers (20200422125805)
  [1m[35m (18.6ms)[0m  [1m[35mCREATE TABLE `users` (`id` bigint NOT NULL AUTO_INCREMENT PRIMARY KEY, `email` varchar(255) NOT NULL)[0m
  ↳ db/migrate/20200422125805_create_users.rb:3
  [1m[35m (0.4ms)[0m  [1m[35mBEGIN[0m
  ↳ bin/rails:4
  [1m[36mActiveRecord::SchemaMigration Create (1.1ms)[0m  [1m[32mINSERT INTO `schema_migrations` (`version`) VALUES ('20200422125805')[0m
  ↳ bin/rails:4
  [1m[35m (2.7ms)[0m  [1m[35mCOMMIT[0m
  ↳ bin/rails:4
Migrating to CreateVideos (20200422131608)
  [1m[35m (15.9ms)[0m  [1m[35mCREATE TABLE `videos` (`id` bigint NOT NULL AUTO_INCREMENT PRIMARY KEY, `title` varchar(255), `plot` varchar(255), `quality` varchar(255) DEFAULT 'HD', `price` float(24) DEFAULT 2.99, `type` varchar(255), `number` int)[0m
  ↳ db/migrate/20200422131608_create_videos.rb:3
  [1m[35m (0.2ms)[0m  [1m[35mBEGIN[0m
  ↳ bin/rails:4
  [1m[36mActiveRecord::SchemaMigration Create (0.3ms)[0m  [1m[32mINSERT INTO `schema_migrations` (`version`) VALUES ('20200422131608')[0m
  ↳ bin/rails:4
  [1m[35m (2.7ms)[0m  [1m[35mCOMMIT[0m
  ↳ bin/rails:4
Migrating to CreateEpisodes (20200422131846)
  [1m[35m (21.5ms)[0m  [1m[35mCREATE TABLE `episodes` (`id` bigint NOT NULL AUTO_INCREMENT PRIMARY KEY, `title` varchar(255), `plot` varchar(255), `seasons_id_id` bigint, `number` int,  INDEX `index_episodes_on_seasons_id_id`  (`seasons_id_id`), CONSTRAINT `fk_rails_f4d4f242c9`
FOREIGN KEY (`seasons_id_id`)
  REFERENCES `seasons_ids` (`id`)
)[0m
  ↳ db/migrate/20200422131846_create_episodes.rb:3
  [1m[35m (0.6ms)[0m  [1m[34mSELECT RELEASE_LOCK('1585439786465918460')[0m
  ↳ bin/rails:4
  [1m[35m (0.3ms)[0m  [1m[35mSET NAMES utf8,  @@SESSION.sql_mode = CONCAT(CONCAT(@@sql_mode, ',STRICT_ALL_TABLES'), ',NO_AUTO_VALUE_ON_ZERO'),  @@SESSION.sql_auto_is_null = 0, @@SESSION.wait_timeout = 2147483[0m
  ↳ bin/rails:4
  [1m[35m (0.1ms)[0m  [1m[34mSELECT GET_LOCK('1585439786465918460', 0)[0m
  ↳ bin/rails:4
  [1m[35m (0.2ms)[0m  [1m[34mSELECT `schema_migrations`.`version` FROM `schema_migrations` ORDER BY `schema_migrations`.`version` ASC[0m
  ↳ bin/rails:4
Migrating to CreateEpisodes (20200422131846)
  [1m[35m (24.2ms)[0m  [1m[35mCREATE TABLE `episodes` (`id` bigint NOT NULL AUTO_INCREMENT PRIMARY KEY, `title` varchar(255), `plot` varchar(255), `seasons_id_id` bigint, `seasonds_id` bigint, `number` int,  INDEX `index_episodes_on_seasons_id_id`  (`seasons_id_id`),  INDEX `index_episodes_on_seasonds_id`  (`seasonds_id`), CONSTRAINT `fk_rails_f4d4f242c9`
FOREIGN KEY (`seasons_id_id`)
  REFERENCES `seasons_ids` (`id`)
, CONSTRAINT `fk_rails_87192b904b`
FOREIGN KEY (`seasonds_id`)
  REFERENCES `seasonds` (`id`)
)[0m
  ↳ db/migrate/20200422131846_create_episodes.rb:3
  [1m[35m (0.2ms)[0m  [1m[34mSELECT RELEASE_LOCK('1585439786465918460')[0m
  ↳ bin/rails:4
  [1m[35m (0.2ms)[0m  [1m[35mSET NAMES utf8,  @@SESSION.sql_mode = CONCAT(CONCAT(@@sql_mode, ',STRICT_ALL_TABLES'), ',NO_AUTO_VALUE_ON_ZERO'),  @@SESSION.sql_auto_is_null = 0, @@SESSION.wait_timeout = 2147483[0m
  ↳ bin/rails:4
  [1m[35m (0.1ms)[0m  [1m[34mSELECT GET_LOCK('1585439786465918460', 0)[0m
  ↳ bin/rails:4
  [1m[35m (0.2ms)[0m  [1m[34mSELECT `schema_migrations`.`version` FROM `schema_migrations` ORDER BY `schema_migrations`.`version` ASC[0m
  ↳ bin/rails:4
Migrating to CreateEpisodes (20200422131846)
  [1m[35m (23.2ms)[0m  [1m[35mCREATE TABLE `episodes` (`id` bigint NOT NULL AUTO_INCREMENT PRIMARY KEY, `title` varchar(255), `plot` varchar(255), `season_id_id` bigint, `number` int,  INDEX `index_episodes_on_season_id_id`  (`season_id_id`), CONSTRAINT `fk_rails_146e24d720`
FOREIGN KEY (`season_id_id`)
  REFERENCES `season_ids` (`id`)
)[0m
  ↳ db/migrate/20200422131846_create_episodes.rb:3
  [1m[35m (0.4ms)[0m  [1m[34mSELECT RELEASE_LOCK('1585439786465918460')[0m
  ↳ bin/rails:4
  [1m[35m (0.2ms)[0m  [1m[35mSET NAMES utf8,  @@SESSION.sql_mode = CONCAT(CONCAT(@@sql_mode, ',STRICT_ALL_TABLES'), ',NO_AUTO_VALUE_ON_ZERO'),  @@SESSION.sql_auto_is_null = 0, @@SESSION.wait_timeout = 2147483[0m
  ↳ bin/rails:4
  [1m[35m (0.1ms)[0m  [1m[34mSELECT GET_LOCK('1585439786465918460', 0)[0m
  ↳ bin/rails:4
  [1m[35m (0.1ms)[0m  [1m[34mSELECT `schema_migrations`.`version` FROM `schema_migrations` ORDER BY `schema_migrations`.`version` ASC[0m
  ↳ bin/rails:4
Migrating to CreateEpisodes (20200422131846)
  [1m[35m (22.7ms)[0m  [1m[35mCREATE TABLE `episodes` (`id` bigint NOT NULL AUTO_INCREMENT PRIMARY KEY, `title` varchar(255), `plot` varchar(255), `seasons_id` bigint, `number` int,  INDEX `index_episodes_on_seasons_id`  (`seasons_id`), CONSTRAINT `fk_rails_1cee4764c4`
FOREIGN KEY (`seasons_id`)
  REFERENCES `seasons` (`id`)
)[0m
  ↳ db/migrate/20200422131846_create_episodes.rb:3
  [1m[35m (0.4ms)[0m  [1m[34mSELECT RELEASE_LOCK('1585439786465918460')[0m
  ↳ bin/rails:4
  [1m[35m (0.2ms)[0m  [1m[35mSET NAMES utf8,  @@SESSION.sql_mode = CONCAT(CONCAT(@@sql_mode, ',STRICT_ALL_TABLES'), ',NO_AUTO_VALUE_ON_ZERO'),  @@SESSION.sql_auto_is_null = 0, @@SESSION.wait_timeout = 2147483[0m
  ↳ bin/rails:4
  [1m[35m (0.1ms)[0m  [1m[34mSELECT GET_LOCK('1585439786465918460', 0)[0m
  ↳ bin/rails:4
  [1m[35m (0.1ms)[0m  [1m[34mSELECT `schema_migrations`.`version` FROM `schema_migrations` ORDER BY `schema_migrations`.`version` ASC[0m
  ↳ bin/rails:4
Migrating to CreateEpisodes (20200422131846)
  [1m[35m (25.1ms)[0m  [1m[35mCREATE TABLE `episodes` (`id` bigint NOT NULL AUTO_INCREMENT PRIMARY KEY, `title` varchar(255), `plot` varchar(255), `videos_id` bigint, `number` int,  INDEX `index_episodes_on_videos_id`  (`videos_id`), CONSTRAINT `fk_rails_0a7866dfdd`
FOREIGN KEY (`videos_id`)
  REFERENCES `videos` (`id`)
)[0m
  ↳ db/migrate/20200422131846_create_episodes.rb:3
  [1m[35m (0.1ms)[0m  [1m[35mBEGIN[0m
  ↳ bin/rails:4
  [1m[36mActiveRecord::SchemaMigration Create (0.2ms)[0m  [1m[32mINSERT INTO `schema_migrations` (`version`) VALUES ('20200422131846')[0m
  ↳ bin/rails:4
  [1m[35m (2.5ms)[0m  [1m[35mCOMMIT[0m
  ↳ bin/rails:4
Migrating to CreateUsersVideos (20200422132556)
  [1m[35m (28.1ms)[0m  [1m[35mCREATE TABLE `users_videos` (`id` bigint NOT NULL AUTO_INCREMENT PRIMARY KEY, `users_id_id` bigint, `users_id` bigint, `videos_id_id` bigint, `videoss_id` bigint, `date` datetime,  INDEX `index_users_videos_on_users_id_id`  (`users_id_id`),  INDEX `index_users_videos_on_users_id`  (`users_id`),  INDEX `index_users_videos_on_videos_id_id`  (`videos_id_id`),  INDEX `index_users_videos_on_videoss_id`  (`videoss_id`), CONSTRAINT `fk_rails_4f87260ee2`
FOREIGN KEY (`users_id_id`)
  REFERENCES `users_ids` (`id`)
, CONSTRAINT `fk_rails_a35de3ec57`
FOREIGN KEY (`users_id`)
  REFERENCES `users` (`id`)
, CONSTRAINT `fk_rails_c7fe9d5113`
FOREIGN KEY (`videos_id_id`)
  REFERENCES `videos_ids` (`id`)
, CONSTRAINT `fk_rails_92a3556605`
FOREIGN KEY (`videoss_id`)
  REFERENCES `videosses` (`id`)
)[0m
  ↳ db/migrate/20200422132556_create_users_videos.rb:3
  [1m[35m (0.3ms)[0m  [1m[34mSELECT RELEASE_LOCK('1585439786465918460')[0m
  ↳ bin/rails:4
  [1m[35m (0.2ms)[0m  [1m[35mSET NAMES utf8,  @@SESSION.sql_mode = CONCAT(CONCAT(@@sql_mode, ',STRICT_ALL_TABLES'), ',NO_AUTO_VALUE_ON_ZERO'),  @@SESSION.sql_auto_is_null = 0, @@SESSION.wait_timeout = 2147483[0m
  ↳ bin/rails:4
  [1m[35m (0.2ms)[0m  [1m[34mSELECT GET_LOCK('1585439786465918460', 0)[0m
  ↳ bin/rails:4
  [1m[35m (0.2ms)[0m  [1m[34mSELECT `schema_migrations`.`version` FROM `schema_migrations` ORDER BY `schema_migrations`.`version` ASC[0m
  ↳ bin/rails:4
Migrating to CreateUsersVideos (20200422132556)
  [1m[35m (0.3ms)[0m  [1m[35mCREATE TABLE `users_videos` (`id` bigint NOT NULL AUTO_INCREMENT PRIMARY KEY, `users_id` bigint, `videos_id` bigint, `videoss_id` bigint, `date` datetime,  INDEX `index_users_videos_on_users_id`  (`users_id`),  INDEX `index_users_videos_on_users_id`  (`users_id`),  INDEX `index_users_videos_on_videos_id`  (`videos_id`),  INDEX `index_users_videos_on_videoss_id`  (`videoss_id`), CONSTRAINT `fk_rails_a35de3ec57`
FOREIGN KEY (`users_id`)
  REFERENCES `users` (`id`)
, CONSTRAINT `fk_rails_a35de3ec57`
FOREIGN KEY (`users_id`)
  REFERENCES `users` (`id`)
, CONSTRAINT `fk_rails_77e5f69ed9`
FOREIGN KEY (`videos_id`)
  REFERENCES `videos` (`id`)
, CONSTRAINT `fk_rails_92a3556605`
FOREIGN KEY (`videoss_id`)
  REFERENCES `videosses` (`id`)
)[0m
  ↳ db/migrate/20200422132556_create_users_videos.rb:3
  [1m[35m (0.1ms)[0m  [1m[34mSELECT RELEASE_LOCK('1585439786465918460')[0m
  ↳ bin/rails:4
  [1m[35m (0.3ms)[0m  [1m[35mSET NAMES utf8,  @@SESSION.sql_mode = CONCAT(CONCAT(@@sql_mode, ',STRICT_ALL_TABLES'), ',NO_AUTO_VALUE_ON_ZERO'),  @@SESSION.sql_auto_is_null = 0, @@SESSION.wait_timeout = 2147483[0m
  ↳ bin/rails:4
  [1m[35m (0.2ms)[0m  [1m[34mSELECT GET_LOCK('1585439786465918460', 0)[0m
  ↳ bin/rails:4
  [1m[35m (0.2ms)[0m  [1m[34mSELECT `schema_migrations`.`version` FROM `schema_migrations` ORDER BY `schema_migrations`.`version` ASC[0m
  ↳ bin/rails:4
Migrating to CreateUsersVideos (20200422132556)
  [1m[35m (25.6ms)[0m  [1m[35mCREATE TABLE `users_videos` (`id` bigint NOT NULL AUTO_INCREMENT PRIMARY KEY, `users_id` bigint, `videos_id` bigint, `date` datetime,  INDEX `index_users_videos_on_users_id`  (`users_id`),  INDEX `index_users_videos_on_videos_id`  (`videos_id`), CONSTRAINT `fk_rails_a35de3ec57`
FOREIGN KEY (`users_id`)
  REFERENCES `users` (`id`)
, CONSTRAINT `fk_rails_77e5f69ed9`
FOREIGN KEY (`videos_id`)
  REFERENCES `videos` (`id`)
)[0m
  ↳ db/migrate/20200422132556_create_users_videos.rb:3
  [1m[35m (0.2ms)[0m  [1m[35mBEGIN[0m
  ↳ bin/rails:4
  [1m[36mActiveRecord::SchemaMigration Create (0.2ms)[0m  [1m[32mINSERT INTO `schema_migrations` (`version`) VALUES ('20200422132556')[0m
  ↳ bin/rails:4
  [1m[35m (3.6ms)[0m  [1m[35mCOMMIT[0m
  ↳ bin/rails:4
  [1m[36mActiveRecord::InternalMetadata Load (0.2ms)[0m  [1m[34mSELECT  `ar_internal_metadata`.* FROM `ar_internal_metadata` WHERE `ar_internal_metadata`.`key` = 'environment' LIMIT 1[0m
  ↳ bin/rails:4
  [1m[35m (0.1ms)[0m  [1m[35mBEGIN[0m
  ↳ bin/rails:4
  [1m[36mActiveRecord::InternalMetadata Create (0.2ms)[0m  [1m[32mINSERT INTO `ar_internal_metadata` (`key`, `value`, `created_at`, `updated_at`) VALUES ('environment', 'development', '2020-04-22 13:36:02', '2020-04-22 13:36:02')[0m
  ↳ bin/rails:4
  [1m[35m (2.2ms)[0m  [1m[35mCOMMIT[0m
  ↳ bin/rails:4
  [1m[35m (0.2ms)[0m  [1m[34mSELECT RELEASE_LOCK('1585439786465918460')[0m
  ↳ bin/rails:4
  [1m[35m (1.2ms)[0m  [1m[34mSELECT `schema_migrations`.`version` FROM `schema_migrations` ORDER BY `schema_migrations`.`version` ASC[0m
  ↳ bin/rails:4
  [1m[35m (0.3ms)[0m  [1m[35mSET NAMES utf8,  @@SESSION.sql_mode = CONCAT(CONCAT(@@sql_mode, ',STRICT_ALL_TABLES'), ',NO_AUTO_VALUE_ON_ZERO'),  @@SESSION.sql_auto_is_null = 0, @@SESSION.wait_timeout = 2147483[0m
  ↳ /home/vergil/.rvm/gems/ruby-2.5.1/bin/rake:23
  [1m[35m (0.2ms)[0m  [1m[34mSELECT `schema_migrations`.`version` FROM `schema_migrations` ORDER BY `schema_migrations`.`version` ASC[0m
  ↳ /home/vergil/.rvm/gems/ruby-2.5.1/bin/rake:23
  [1m[35m (0.2ms)[0m  [1m[34mSELECT `ar_internal_metadata`.`value` FROM `ar_internal_metadata` WHERE `ar_internal_metadata`.`key` = 'environment'[0m
  ↳ /home/vergil/.rvm/gems/ruby-2.5.1/bin/rake:23
  [1m[35m (0.2ms)[0m  [1m[34mSELECT `schema_migrations`.`version` FROM `schema_migrations` ORDER BY `schema_migrations`.`version` ASC[0m
  ↳ /home/vergil/.rvm/gems/ruby-2.5.1/bin/rake:23
  [1m[35m (0.2ms)[0m  [1m[34mSELECT `ar_internal_metadata`.`value` FROM `ar_internal_metadata` WHERE `ar_internal_metadata`.`key` = 'environment'[0m
  ↳ /home/vergil/.rvm/gems/ruby-2.5.1/bin/rake:23
  [1m[35m (0.1ms)[0m  [1m[34mSELECT `schema_migrations`.`version` FROM `schema_migrations` ORDER BY `schema_migrations`.`version` ASC[0m
  ↳ /home/vergil/.rvm/gems/ruby-2.5.1/bin/rake:23
  [1m[35m (0.1ms)[0m  [1m[34mSELECT `ar_internal_metadata`.`value` FROM `ar_internal_metadata` WHERE `ar_internal_metadata`.`key` = 'environment'[0m
  ↳ /home/vergil/.rvm/gems/ruby-2.5.1/bin/rake:23
  [1m[35m (0.2ms)[0m  [1m[35mSET NAMES utf8,  @@SESSION.sql_mode = CONCAT(CONCAT(@@sql_mode, ',STRICT_ALL_TABLES'), ',NO_AUTO_VALUE_ON_ZERO'),  @@SESSION.sql_auto_is_null = 0, @@SESSION.wait_timeout = 2147483[0m
  ↳ /home/vergil/.rvm/gems/ruby-2.5.1/bin/rake:23
  [1m[35m (53.9ms)[0m  [1m[35mDROP DATABASE IF EXISTS `tv_web`[0m
  ↳ /home/vergil/.rvm/gems/ruby-2.5.1/bin/rake:23
  [1m[35m (0.2ms)[0m  [1m[35mSET NAMES utf8,  @@SESSION.sql_mode = CONCAT(CONCAT(@@sql_mode, ',STRICT_ALL_TABLES'), ',NO_AUTO_VALUE_ON_ZERO'),  @@SESSION.sql_auto_is_null = 0, @@SESSION.wait_timeout = 2147483[0m
  ↳ /home/vergil/.rvm/gems/ruby-2.5.1/bin/rake:23
  [1m[35m (0.2ms)[0m  [1m[35mCREATE DATABASE `tv_web` DEFAULT CHARACTER SET `utf8`[0m
  ↳ /home/vergil/.rvm/gems/ruby-2.5.1/bin/rake:23
  [1m[35m (0.2ms)[0m  [1m[35mSET NAMES utf8,  @@SESSION.sql_mode = CONCAT(CONCAT(@@sql_mode, ',STRICT_ALL_TABLES'), ',NO_AUTO_VALUE_ON_ZERO'),  @@SESSION.sql_auto_is_null = 0, @@SESSION.wait_timeout = 2147483[0m
  ↳ /home/vergil/.rvm/gems/ruby-2.5.1/bin/rake:23
  [1m[35m (0.3ms)[0m  [1m[35mCREATE DATABASE `tv_web` DEFAULT CHARACTER SET `utf8`[0m
  ↳ /home/vergil/.rvm/gems/ruby-2.5.1/bin/rake:23
  [1m[35m (0.2ms)[0m  [1m[35mSET NAMES utf8,  @@SESSION.sql_mode = CONCAT(CONCAT(@@sql_mode, ',STRICT_ALL_TABLES'), ',NO_AUTO_VALUE_ON_ZERO'),  @@SESSION.sql_auto_is_null = 0, @@SESSION.wait_timeout = 2147483[0m
  ↳ /home/vergil/.rvm/gems/ruby-2.5.1/bin/rake:23
  [1m[35m (19.3ms)[0m  [1m[35mCREATE TABLE `schema_migrations` (`version` varchar(255) NOT NULL PRIMARY KEY)[0m
  ↳ /home/vergil/.rvm/gems/ruby-2.5.1/bin/rake:23
  [1m[35m (18.5ms)[0m  [1m[35mCREATE TABLE `ar_internal_metadata` (`key` varchar(255) NOT NULL PRIMARY KEY, `value` varchar(255), `created_at` datetime NOT NULL, `updated_at` datetime NOT NULL)[0m
  ↳ /home/vergil/.rvm/gems/ruby-2.5.1/bin/rake:23
  [1m[35m (0.2ms)[0m  [1m[34mSELECT GET_LOCK('1585439786465918460', 0)[0m
  ↳ /home/vergil/.rvm/gems/ruby-2.5.1/bin/rake:23
  [1m[35m (0.2ms)[0m  [1m[34mSELECT `schema_migrations`.`version` FROM `schema_migrations` ORDER BY `schema_migrations`.`version` ASC[0m
  ↳ /home/vergil/.rvm/gems/ruby-2.5.1/bin/rake:23
Migrating to CreateUsers (20200422125805)
  [1m[35m (17.3ms)[0m  [1m[35mCREATE TABLE `users` (`id` bigint NOT NULL AUTO_INCREMENT PRIMARY KEY, `email` varchar(255) NOT NULL)[0m
  ↳ db/migrate/20200422125805_create_users.rb:3
  [1m[35m (0.3ms)[0m  [1m[35mBEGIN[0m
  ↳ /home/vergil/.rvm/gems/ruby-2.5.1/bin/rake:23
  [1m[36mActiveRecord::SchemaMigration Create (0.3ms)[0m  [1m[32mINSERT INTO `schema_migrations` (`version`) VALUES ('20200422125805')[0m
  ↳ /home/vergil/.rvm/gems/ruby-2.5.1/bin/rake:23
  [1m[35m (2.3ms)[0m  [1m[35mCOMMIT[0m
  ↳ /home/vergil/.rvm/gems/ruby-2.5.1/bin/rake:23
Migrating to CreateVideos (20200422131608)
  [1m[35m (21.6ms)[0m  [1m[35mCREATE TABLE `videos` (`id` bigint NOT NULL AUTO_INCREMENT PRIMARY KEY, `title` varchar(255), `plot` varchar(255), `quality` varchar(255) DEFAULT 'HD', `price` float(24) DEFAULT 2.99, `type` varchar(255), `number` int, `created_at` datetime NOT NULL, `updated_at` datetime NOT NULL)[0m
  ↳ db/migrate/20200422131608_create_videos.rb:3
  [1m[35m (0.4ms)[0m  [1m[35mBEGIN[0m
  ↳ /home/vergil/.rvm/gems/ruby-2.5.1/bin/rake:23
  [1m[36mActiveRecord::SchemaMigration Create (0.6ms)[0m  [1m[32mINSERT INTO `schema_migrations` (`version`) VALUES ('20200422131608')[0m
  ↳ /home/vergil/.rvm/gems/ruby-2.5.1/bin/rake:23
  [1m[35m (4.5ms)[0m  [1m[35mCOMMIT[0m
  ↳ /home/vergil/.rvm/gems/ruby-2.5.1/bin/rake:23
Migrating to CreateEpisodes (20200422131846)
  [1m[35m (20.9ms)[0m  [1m[35mCREATE TABLE `episodes` (`id` bigint NOT NULL AUTO_INCREMENT PRIMARY KEY, `title` varchar(255), `plot` varchar(255), `videos_id` bigint, `number` int, `created_at` datetime NOT NULL, `updated_at` datetime NOT NULL,  INDEX `index_episodes_on_videos_id`  (`videos_id`), CONSTRAINT `fk_rails_0a7866dfdd`
FOREIGN KEY (`videos_id`)
  REFERENCES `videos` (`id`)
)[0m
  ↳ db/migrate/20200422131846_create_episodes.rb:3
  [1m[35m (0.2ms)[0m  [1m[35mBEGIN[0m
  ↳ /home/vergil/.rvm/gems/ruby-2.5.1/bin/rake:23
  [1m[36mActiveRecord::SchemaMigration Create (0.4ms)[0m  [1m[32mINSERT INTO `schema_migrations` (`version`) VALUES ('20200422131846')[0m
  ↳ /home/vergil/.rvm/gems/ruby-2.5.1/bin/rake:23
  [1m[35m (2.5ms)[0m  [1m[35mCOMMIT[0m
  ↳ /home/vergil/.rvm/gems/ruby-2.5.1/bin/rake:23
Migrating to CreateUsersVideos (20200422132556)
  [1m[35m (24.4ms)[0m  [1m[35mCREATE TABLE `users_videos` (`id` bigint NOT NULL AUTO_INCREMENT PRIMARY KEY, `users_id` bigint, `videos_id` bigint, `date` datetime, `created_at` datetime NOT NULL, `updated_at` datetime NOT NULL,  INDEX `index_users_videos_on_users_id`  (`users_id`),  INDEX `index_users_videos_on_videos_id`  (`videos_id`), CONSTRAINT `fk_rails_a35de3ec57`
FOREIGN KEY (`users_id`)
  REFERENCES `users` (`id`)
, CONSTRAINT `fk_rails_77e5f69ed9`
FOREIGN KEY (`videos_id`)
  REFERENCES `videos` (`id`)
)[0m
  ↳ db/migrate/20200422132556_create_users_videos.rb:3
  [1m[35m (0.4ms)[0m  [1m[35mBEGIN[0m
  ↳ /home/vergil/.rvm/gems/ruby-2.5.1/bin/rake:23
  [1m[36mActiveRecord::SchemaMigration Create (0.6ms)[0m  [1m[32mINSERT INTO `schema_migrations` (`version`) VALUES ('20200422132556')[0m
  ↳ /home/vergil/.rvm/gems/ruby-2.5.1/bin/rake:23
  [1m[35m (2.8ms)[0m  [1m[35mCOMMIT[0m
  ↳ /home/vergil/.rvm/gems/ruby-2.5.1/bin/rake:23
  [1m[36mActiveRecord::InternalMetadata Load (0.7ms)[0m  [1m[34mSELECT  `ar_internal_metadata`.* FROM `ar_internal_metadata` WHERE `ar_internal_metadata`.`key` = 'environment' LIMIT 1[0m
  ↳ /home/vergil/.rvm/gems/ruby-2.5.1/bin/rake:23
  [1m[35m (0.5ms)[0m  [1m[35mBEGIN[0m
  ↳ /home/vergil/.rvm/gems/ruby-2.5.1/bin/rake:23
  [1m[36mActiveRecord::InternalMetadata Create (0.7ms)[0m  [1m[32mINSERT INTO `ar_internal_metadata` (`key`, `value`, `created_at`, `updated_at`) VALUES ('environment', 'development', '2020-04-22 13:57:34', '2020-04-22 13:57:34')[0m
  ↳ /home/vergil/.rvm/gems/ruby-2.5.1/bin/rake:23
  [1m[35m (2.7ms)[0m  [1m[35mCOMMIT[0m
  ↳ /home/vergil/.rvm/gems/ruby-2.5.1/bin/rake:23
  [1m[35m (0.6ms)[0m  [1m[34mSELECT RELEASE_LOCK('1585439786465918460')[0m
  ↳ /home/vergil/.rvm/gems/ruby-2.5.1/bin/rake:23
  [1m[35m (0.8ms)[0m  [1m[34mSELECT `schema_migrations`.`version` FROM `schema_migrations` ORDER BY `schema_migrations`.`version` ASC[0m
  ↳ /home/vergil/.rvm/gems/ruby-2.5.1/bin/rake:23
Started GET "/" for ::1 at 2020-04-22 17:54:30 +0200
  [1m[35m (0.3ms)[0m  [1m[35mSET NAMES utf8,  @@SESSION.sql_mode = CONCAT(CONCAT(@@sql_mode, ',STRICT_ALL_TABLES'), ',NO_AUTO_VALUE_ON_ZERO'),  @@SESSION.sql_auto_is_null = 0, @@SESSION.wait_timeout = 2147483[0m
  ↳ /home/vergil/.rvm/gems/ruby-2.5.1/gems/activerecord-5.2.4.2/lib/active_record/log_subscriber.rb:98
  [1m[35m (0.2ms)[0m  [1m[34mSELECT `schema_migrations`.`version` FROM `schema_migrations` ORDER BY `schema_migrations`.`version` ASC[0m
  ↳ /home/vergil/.rvm/gems/ruby-2.5.1/gems/activerecord-5.2.4.2/lib/active_record/log_subscriber.rb:98
  
ActiveRecord::PendingMigrationError (

Migrations are pending. To resolve this issue, run:

        bin/rails db:migrate RAILS_ENV=development

):
  
activerecord (5.2.4.2) lib/active_record/migration.rb:579:in `check_pending!'
activerecord (5.2.4.2) lib/active_record/migration.rb:556:in `call'
actionpack (5.2.4.2) lib/action_dispatch/middleware/callbacks.rb:28:in `block in call'
activesupport (5.2.4.2) lib/active_support/callbacks.rb:98:in `run_callbacks'
actionpack (5.2.4.2) lib/action_dispatch/middleware/callbacks.rb:26:in `call'
actionpack (5.2.4.2) lib/action_dispatch/middleware/executor.rb:14:in `call'
actionpack (5.2.4.2) lib/action_dispatch/middleware/debug_exceptions.rb:61:in `call'
actionpack (5.2.4.2) lib/action_dispatch/middleware/show_exceptions.rb:33:in `call'
railties (5.2.4.2) lib/rails/rack/logger.rb:38:in `call_app'
railties (5.2.4.2) lib/rails/rack/logger.rb:26:in `block in call'
activesupport (5.2.4.2) lib/active_support/tagged_logging.rb:71:in `block in tagged'
activesupport (5.2.4.2) lib/active_support/tagged_logging.rb:28:in `tagged'
activesupport (5.2.4.2) lib/active_support/tagged_logging.rb:71:in `tagged'
railties (5.2.4.2) lib/rails/rack/logger.rb:26:in `call'
actionpack (5.2.4.2) lib/action_dispatch/middleware/remote_ip.rb:81:in `call'
actionpack (5.2.4.2) lib/action_dispatch/middleware/request_id.rb:27:in `call'
rack (2.2.2) lib/rack/runtime.rb:22:in `call'
activesupport (5.2.4.2) lib/active_support/cache/strategy/local_cache_middleware.rb:29:in `call'
actionpack (5.2.4.2) lib/action_dispatch/middleware/executor.rb:14:in `call'
actionpack (5.2.4.2) lib/action_dispatch/middleware/static.rb:127:in `call'
rack (2.2.2) lib/rack/sendfile.rb:110:in `call'
railties (5.2.4.2) lib/rails/engine.rb:524:in `call'
puma (3.12.4) lib/puma/configuration.rb:227:in `call'
puma (3.12.4) lib/puma/server.rb:675:in `handle_request'
puma (3.12.4) lib/puma/server.rb:476:in `process_client'
puma (3.12.4) lib/puma/server.rb:334:in `block in run'
puma (3.12.4) lib/puma/thread_pool.rb:135:in `block in spawn_thread'
  [1m[35m (0.2ms)[0m  [1m[35mSET NAMES utf8,  @@SESSION.sql_mode = CONCAT(CONCAT(@@sql_mode, ',STRICT_ALL_TABLES'), ',NO_AUTO_VALUE_ON_ZERO'),  @@SESSION.sql_auto_is_null = 0, @@SESSION.wait_timeout = 2147483[0m
  ↳ bin/rails:4
  [1m[35m (0.2ms)[0m  [1m[34mSELECT `schema_migrations`.`version` FROM `schema_migrations` ORDER BY `schema_migrations`.`version` ASC[0m
  ↳ bin/rails:4
  [1m[35m (0.2ms)[0m  [1m[34mSELECT `ar_internal_metadata`.`value` FROM `ar_internal_metadata` WHERE `ar_internal_metadata`.`key` = 'environment'[0m
  ↳ bin/rails:4
  [1m[35m (0.2ms)[0m  [1m[34mSELECT `schema_migrations`.`version` FROM `schema_migrations` ORDER BY `schema_migrations`.`version` ASC[0m
  ↳ bin/rails:4
  [1m[35m (0.1ms)[0m  [1m[34mSELECT `ar_internal_metadata`.`value` FROM `ar_internal_metadata` WHERE `ar_internal_metadata`.`key` = 'environment'[0m
  ↳ bin/rails:4
  [1m[35m (0.1ms)[0m  [1m[34mSELECT `schema_migrations`.`version` FROM `schema_migrations` ORDER BY `schema_migrations`.`version` ASC[0m
  ↳ bin/rails:4
  [1m[35m (0.1ms)[0m  [1m[34mSELECT `ar_internal_metadata`.`value` FROM `ar_internal_metadata` WHERE `ar_internal_metadata`.`key` = 'environment'[0m
  ↳ bin/rails:4
  [1m[35m (0.2ms)[0m  [1m[35mSET NAMES utf8,  @@SESSION.sql_mode = CONCAT(CONCAT(@@sql_mode, ',STRICT_ALL_TABLES'), ',NO_AUTO_VALUE_ON_ZERO'),  @@SESSION.sql_auto_is_null = 0, @@SESSION.wait_timeout = 2147483[0m
  ↳ bin/rails:4
  [1m[35m (72.1ms)[0m  [1m[35mDROP DATABASE IF EXISTS `tv_web`[0m
  ↳ bin/rails:4
  [1m[35m (0.2ms)[0m  [1m[35mSET NAMES utf8,  @@SESSION.sql_mode = CONCAT(CONCAT(@@sql_mode, ',STRICT_ALL_TABLES'), ',NO_AUTO_VALUE_ON_ZERO'),  @@SESSION.sql_auto_is_null = 0, @@SESSION.wait_timeout = 2147483[0m
  ↳ bin/rails:4
  [1m[35m (0.2ms)[0m  [1m[35mCREATE DATABASE `tv_web` DEFAULT CHARACTER SET `utf8`[0m
  ↳ bin/rails:4
  [1m[35m (0.1ms)[0m  [1m[35mSET NAMES utf8,  @@SESSION.sql_mode = CONCAT(CONCAT(@@sql_mode, ',STRICT_ALL_TABLES'), ',NO_AUTO_VALUE_ON_ZERO'),  @@SESSION.sql_auto_is_null = 0, @@SESSION.wait_timeout = 2147483[0m
  ↳ bin/rails:4
  [1m[35m (0.2ms)[0m  [1m[35mCREATE DATABASE `tv_web` DEFAULT CHARACTER SET `utf8`[0m
  ↳ bin/rails:4
  [1m[35m (0.2ms)[0m  [1m[35mSET NAMES utf8,  @@SESSION.sql_mode = CONCAT(CONCAT(@@sql_mode, ',STRICT_ALL_TABLES'), ',NO_AUTO_VALUE_ON_ZERO'),  @@SESSION.sql_auto_is_null = 0, @@SESSION.wait_timeout = 2147483[0m
  ↳ bin/rails:4
  [1m[35m (18.2ms)[0m  [1m[35mCREATE TABLE `schema_migrations` (`version` varchar(255) NOT NULL PRIMARY KEY)[0m
  ↳ bin/rails:4
  [1m[35m (19.5ms)[0m  [1m[35mCREATE TABLE `ar_internal_metadata` (`key` varchar(255) NOT NULL PRIMARY KEY, `value` varchar(255), `created_at` datetime NOT NULL, `updated_at` datetime NOT NULL)[0m
  ↳ bin/rails:4
  [1m[35m (0.3ms)[0m  [1m[34mSELECT GET_LOCK('1585439786465918460', 0)[0m
  ↳ bin/rails:4
  [1m[35m (0.3ms)[0m  [1m[34mSELECT `schema_migrations`.`version` FROM `schema_migrations` ORDER BY `schema_migrations`.`version` ASC[0m
  ↳ bin/rails:4
Migrating to CreateUsers (20200422125805)
  [1m[35m (18.6ms)[0m  [1m[35mCREATE TABLE `users` (`id` bigint NOT NULL AUTO_INCREMENT PRIMARY KEY, `email` varchar(255) NOT NULL)[0m
  ↳ db/migrate/20200422125805_create_users.rb:3
  [1m[35m (0.6ms)[0m  [1m[35mBEGIN[0m
  ↳ bin/rails:4
  [1m[36mActiveRecord::SchemaMigration Create (0.2ms)[0m  [1m[32mINSERT INTO `schema_migrations` (`version`) VALUES ('20200422125805')[0m
  ↳ bin/rails:4
  [1m[35m (2.1ms)[0m  [1m[35mCOMMIT[0m
  ↳ bin/rails:4
Migrating to CreateVideos (20200422131608)
  [1m[35m (19.8ms)[0m  [1m[35mCREATE TABLE `videos` (`id` bigint NOT NULL AUTO_INCREMENT PRIMARY KEY, `title` varchar(255), `plot` varchar(255), `quality` varchar(255) DEFAULT 'HD', `price` float(24) DEFAULT 2.99, `type` varchar(255), `number` int, `created_at` datetime NOT NULL, `updated_at` datetime NOT NULL)[0m
  ↳ db/migrate/20200422131608_create_videos.rb:3
  [1m[35m (0.4ms)[0m  [1m[35mBEGIN[0m
  ↳ bin/rails:4
  [1m[36mActiveRecord::SchemaMigration Create (0.6ms)[0m  [1m[32mINSERT INTO `schema_migrations` (`version`) VALUES ('20200422131608')[0m
  ↳ bin/rails:4
  [1m[35m (4.5ms)[0m  [1m[35mCOMMIT[0m
  ↳ bin/rails:4
Migrating to CreateEpisodes (20200422131846)
  [1m[35m (20.4ms)[0m  [1m[35mCREATE TABLE `episodes` (`id` bigint NOT NULL AUTO_INCREMENT PRIMARY KEY, `title` varchar(255), `plot` varchar(255), `videos_id` bigint, `number` int, `created_at` datetime NOT NULL, `updated_at` datetime NOT NULL,  INDEX `index_episodes_on_videos_id`  (`videos_id`), CONSTRAINT `fk_rails_0a7866dfdd`
FOREIGN KEY (`videos_id`)
  REFERENCES `videos` (`id`)
)[0m
  ↳ db/migrate/20200422131846_create_episodes.rb:3
  [1m[35m (0.2ms)[0m  [1m[35mBEGIN[0m
  ↳ bin/rails:4
  [1m[36mActiveRecord::SchemaMigration Create (0.2ms)[0m  [1m[32mINSERT INTO `schema_migrations` (`version`) VALUES ('20200422131846')[0m
  ↳ bin/rails:4
  [1m[35m (2.5ms)[0m  [1m[35mCOMMIT[0m
  ↳ bin/rails:4
Migrating to CreateStores (20200422154524)
  [1m[35m (26.7ms)[0m  [1m[35mCREATE TABLE `stores` (`id` bigint NOT NULL AUTO_INCREMENT PRIMARY KEY, `users_id` bigint, `videos_id` bigint, `date` datetime, `created_at` datetime NOT NULL, `updated_at` datetime NOT NULL,  INDEX `index_stores_on_users_id`  (`users_id`),  INDEX `index_stores_on_videos_id`  (`videos_id`), CONSTRAINT `fk_rails_4757f61094`
FOREIGN KEY (`users_id`)
  REFERENCES `users` (`id`)
, CONSTRAINT `fk_rails_0f1bca0fa5`
FOREIGN KEY (`videos_id`)
  REFERENCES `videos` (`id`)
)[0m
  ↳ db/migrate/20200422154524_create_stores.rb:3
  [1m[35m (0.4ms)[0m  [1m[35mBEGIN[0m
  ↳ bin/rails:4
  [1m[36mActiveRecord::SchemaMigration Create (0.6ms)[0m  [1m[32mINSERT INTO `schema_migrations` (`version`) VALUES ('20200422154524')[0m
  ↳ bin/rails:4
  [1m[35m (2.9ms)[0m  [1m[35mCOMMIT[0m
  ↳ bin/rails:4
  [1m[36mActiveRecord::InternalMetadata Load (1.0ms)[0m  [1m[34mSELECT  `ar_internal_metadata`.* FROM `ar_internal_metadata` WHERE `ar_internal_metadata`.`key` = 'environment' LIMIT 1[0m
  ↳ bin/rails:4
  [1m[35m (0.6ms)[0m  [1m[35mBEGIN[0m
  ↳ bin/rails:4
  [1m[36mActiveRecord::InternalMetadata Create (0.7ms)[0m  [1m[32mINSERT INTO `ar_internal_metadata` (`key`, `value`, `created_at`, `updated_at`) VALUES ('environment', 'development', '2020-04-22 15:55:25', '2020-04-22 15:55:25')[0m
  ↳ bin/rails:4
  [1m[35m (2.9ms)[0m  [1m[35mCOMMIT[0m
  ↳ bin/rails:4
  [1m[35m (0.4ms)[0m  [1m[34mSELECT RELEASE_LOCK('1585439786465918460')[0m
  ↳ bin/rails:4
  [1m[35m (0.4ms)[0m  [1m[34mSELECT `schema_migrations`.`version` FROM `schema_migrations` ORDER BY `schema_migrations`.`version` ASC[0m
  ↳ bin/rails:4
Started GET "/" for ::1 at 2020-04-22 17:55:35 +0200
  [1m[35m (0.2ms)[0m  [1m[35mSET NAMES utf8,  @@SESSION.sql_mode = CONCAT(CONCAT(@@sql_mode, ',STRICT_ALL_TABLES'), ',NO_AUTO_VALUE_ON_ZERO'),  @@SESSION.sql_auto_is_null = 0, @@SESSION.wait_timeout = 2147483[0m
  ↳ /home/vergil/.rvm/gems/ruby-2.5.1/gems/activerecord-5.2.4.2/lib/active_record/log_subscriber.rb:98
  [1m[35m (0.3ms)[0m  [1m[34mSELECT `schema_migrations`.`version` FROM `schema_migrations` ORDER BY `schema_migrations`.`version` ASC[0m
  ↳ /home/vergil/.rvm/gems/ruby-2.5.1/gems/activerecord-5.2.4.2/lib/active_record/log_subscriber.rb:98
Processing by Rails::WelcomeController#index as */*
  Rendering /home/vergil/.rvm/gems/ruby-2.5.1/gems/railties-5.2.4.2/lib/rails/templates/rails/welcome/index.html.erb
  Rendered /home/vergil/.rvm/gems/ruby-2.5.1/gems/railties-5.2.4.2/lib/rails/templates/rails/welcome/index.html.erb (2.4ms)
Completed 200 OK in 13ms (Views: 8.2ms | ActiveRecord: 0.0ms)


Started GET "/users" for ::1 at 2020-04-22 17:55:41 +0200
  
ActionController::RoutingError (No route matches [GET] "/users"):
  
actionpack (5.2.4.2) lib/action_dispatch/middleware/debug_exceptions.rb:65:in `call'
actionpack (5.2.4.2) lib/action_dispatch/middleware/show_exceptions.rb:33:in `call'
railties (5.2.4.2) lib/rails/rack/logger.rb:38:in `call_app'
railties (5.2.4.2) lib/rails/rack/logger.rb:26:in `block in call'
activesupport (5.2.4.2) lib/active_support/tagged_logging.rb:71:in `block in tagged'
activesupport (5.2.4.2) lib/active_support/tagged_logging.rb:28:in `tagged'
activesupport (5.2.4.2) lib/active_support/tagged_logging.rb:71:in `tagged'
railties (5.2.4.2) lib/rails/rack/logger.rb:26:in `call'
actionpack (5.2.4.2) lib/action_dispatch/middleware/remote_ip.rb:81:in `call'
actionpack (5.2.4.2) lib/action_dispatch/middleware/request_id.rb:27:in `call'
rack (2.2.2) lib/rack/runtime.rb:22:in `call'
activesupport (5.2.4.2) lib/active_support/cache/strategy/local_cache_middleware.rb:29:in `call'
actionpack (5.2.4.2) lib/action_dispatch/middleware/executor.rb:14:in `call'
actionpack (5.2.4.2) lib/action_dispatch/middleware/static.rb:127:in `call'
rack (2.2.2) lib/rack/sendfile.rb:110:in `call'
railties (5.2.4.2) lib/rails/engine.rb:524:in `call'
puma (3.12.4) lib/puma/configuration.rb:227:in `call'
puma (3.12.4) lib/puma/server.rb:675:in `handle_request'
puma (3.12.4) lib/puma/server.rb:476:in `process_client'
puma (3.12.4) lib/puma/server.rb:334:in `block in run'
puma (3.12.4) lib/puma/thread_pool.rb:135:in `block in spawn_thread'
Started GET "/user" for ::1 at 2020-04-22 17:56:11 +0200
  
ActionController::RoutingError (uninitialized constant UserController):
  
bootsnap (1.4.6) lib/bootsnap/load_path_cache/core_ext/active_support.rb:80:in `block in load_missing_constant'
bootsnap (1.4.6) lib/bootsnap/load_path_cache/core_ext/active_support.rb:9:in `without_bootsnap_cache'
bootsnap (1.4.6) lib/bootsnap/load_path_cache/core_ext/active_support.rb:80:in `rescue in load_missing_constant'
bootsnap (1.4.6) lib/bootsnap/load_path_cache/core_ext/active_support.rb:59:in `load_missing_constant'
activesupport (5.2.4.2) lib/active_support/inflector/methods.rb:283:in `const_get'
activesupport (5.2.4.2) lib/active_support/inflector/methods.rb:283:in `block in constantize'
activesupport (5.2.4.2) lib/active_support/inflector/methods.rb:281:in `each'
activesupport (5.2.4.2) lib/active_support/inflector/methods.rb:281:in `inject'
activesupport (5.2.4.2) lib/active_support/inflector/methods.rb:281:in `constantize'
actionpack (5.2.4.2) lib/action_dispatch/http/request.rb:88:in `controller_class_for'
actionpack (5.2.4.2) lib/action_dispatch/http/request.rb:81:in `controller_class'
actionpack (5.2.4.2) lib/action_dispatch/routing/route_set.rb:46:in `controller'
actionpack (5.2.4.2) lib/action_dispatch/routing/route_set.rb:32:in `serve'
actionpack (5.2.4.2) lib/action_dispatch/journey/router.rb:52:in `block in serve'
actionpack (5.2.4.2) lib/action_dispatch/journey/router.rb:35:in `each'
actionpack (5.2.4.2) lib/action_dispatch/journey/router.rb:35:in `serve'
actionpack (5.2.4.2) lib/action_dispatch/routing/route_set.rb:840:in `call'
rack (2.2.2) lib/rack/etag.rb:27:in `call'
rack (2.2.2) lib/rack/conditional_get.rb:27:in `call'
rack (2.2.2) lib/rack/head.rb:12:in `call'
activerecord (5.2.4.2) lib/active_record/migration.rb:559:in `call'
actionpack (5.2.4.2) lib/action_dispatch/middleware/callbacks.rb:28:in `block in call'
activesupport (5.2.4.2) lib/active_support/callbacks.rb:98:in `run_callbacks'
actionpack (5.2.4.2) lib/action_dispatch/middleware/callbacks.rb:26:in `call'
actionpack (5.2.4.2) lib/action_dispatch/middleware/executor.rb:14:in `call'
actionpack (5.2.4.2) lib/action_dispatch/middleware/debug_exceptions.rb:61:in `call'
actionpack (5.2.4.2) lib/action_dispatch/middleware/show_exceptions.rb:33:in `call'
railties (5.2.4.2) lib/rails/rack/logger.rb:38:in `call_app'
railties (5.2.4.2) lib/rails/rack/logger.rb:26:in `block in call'
activesupport (5.2.4.2) lib/active_support/tagged_logging.rb:71:in `block in tagged'
activesupport (5.2.4.2) lib/active_support/tagged_logging.rb:28:in `tagged'
activesupport (5.2.4.2) lib/active_support/tagged_logging.rb:71:in `tagged'
railties (5.2.4.2) lib/rails/rack/logger.rb:26:in `call'
actionpack (5.2.4.2) lib/action_dispatch/middleware/remote_ip.rb:81:in `call'
actionpack (5.2.4.2) lib/action_dispatch/middleware/request_id.rb:27:in `call'
rack (2.2.2) lib/rack/runtime.rb:22:in `call'
activesupport (5.2.4.2) lib/active_support/cache/strategy/local_cache_middleware.rb:29:in `call'
actionpack (5.2.4.2) lib/action_dispatch/middleware/executor.rb:14:in `call'
actionpack (5.2.4.2) lib/action_dispatch/middleware/static.rb:127:in `call'
rack (2.2.2) lib/rack/sendfile.rb:110:in `call'
railties (5.2.4.2) lib/rails/engine.rb:524:in `call'
puma (3.12.4) lib/puma/configuration.rb:227:in `call'
puma (3.12.4) lib/puma/server.rb:675:in `handle_request'
puma (3.12.4) lib/puma/server.rb:476:in `process_client'
puma (3.12.4) lib/puma/server.rb:334:in `block in run'
puma (3.12.4) lib/puma/thread_pool.rb:135:in `block in spawn_thread'
Started GET "/user" for ::1 at 2020-04-22 17:56:51 +0200
  
ActionController::RoutingError (No route matches [GET] "/user"):
  
actionpack (5.2.4.2) lib/action_dispatch/middleware/debug_exceptions.rb:65:in `call'
actionpack (5.2.4.2) lib/action_dispatch/middleware/show_exceptions.rb:33:in `call'
railties (5.2.4.2) lib/rails/rack/logger.rb:38:in `call_app'
railties (5.2.4.2) lib/rails/rack/logger.rb:26:in `block in call'
activesupport (5.2.4.2) lib/active_support/tagged_logging.rb:71:in `block in tagged'
activesupport (5.2.4.2) lib/active_support/tagged_logging.rb:28:in `tagged'
activesupport (5.2.4.2) lib/active_support/tagged_logging.rb:71:in `tagged'
railties (5.2.4.2) lib/rails/rack/logger.rb:26:in `call'
actionpack (5.2.4.2) lib/action_dispatch/middleware/remote_ip.rb:81:in `call'
actionpack (5.2.4.2) lib/action_dispatch/middleware/request_id.rb:27:in `call'
rack (2.2.2) lib/rack/runtime.rb:22:in `call'
activesupport (5.2.4.2) lib/active_support/cache/strategy/local_cache_middleware.rb:29:in `call'
actionpack (5.2.4.2) lib/action_dispatch/middleware/executor.rb:14:in `call'
actionpack (5.2.4.2) lib/action_dispatch/middleware/static.rb:127:in `call'
rack (2.2.2) lib/rack/sendfile.rb:110:in `call'
railties (5.2.4.2) lib/rails/engine.rb:524:in `call'
puma (3.12.4) lib/puma/configuration.rb:227:in `call'
puma (3.12.4) lib/puma/server.rb:675:in `handle_request'
puma (3.12.4) lib/puma/server.rb:476:in `process_client'
puma (3.12.4) lib/puma/server.rb:334:in `block in run'
puma (3.12.4) lib/puma/thread_pool.rb:135:in `block in spawn_thread'
Started GET "/users" for ::1 at 2020-04-22 17:56:54 +0200
Processing by UsersController#index as */*
Completed 204 No Content in 0ms (ActiveRecord: 0.0ms)


Started GET "/users" for ::1 at 2020-04-22 17:57:07 +0200
Processing by UsersController#index as */*
Completed 500 Internal Server Error in 2ms (ActiveRecord: 0.0ms)


  
ArgumentError (Unknown validator: 'UniqueValidator'):
  
app/models/user.rb:2:in `<class:User>'
app/models/user.rb:1:in `<top (required)>'
app/controllers/users_controller.rb:3:in `index'
Started GET "/users" for ::1 at 2020-04-22 17:57:23 +0200
  
SyntaxError (/home/vergil/Projects/tv-web/api/app/controllers/users_controller.rb:4: syntax error, unexpected tLABEL
    render json: users: 'test'
                 ^~~~~~):
  
app/controllers/users_controller.rb:4: syntax error, unexpected tLABEL
Started GET "/users" for ::1 at 2020-04-22 18:03:30 +0200
  [1m[35m (0.3ms)[0m  [1m[35mSET NAMES utf8,  @@SESSION.sql_mode = CONCAT(CONCAT(@@sql_mode, ',STRICT_ALL_TABLES'), ',NO_AUTO_VALUE_ON_ZERO'),  @@SESSION.sql_auto_is_null = 0, @@SESSION.wait_timeout = 2147483[0m
  ↳ /home/vergil/.rvm/gems/ruby-2.5.1/gems/activerecord-5.2.4.2/lib/active_record/log_subscriber.rb:98
Processing by UsersController#index as */*
Completed 500 Internal Server Error in 3ms (ActiveRecord: 0.0ms)


  
ArgumentError (Unknown validator: 'UniqueValidator'):
  
app/models/user.rb:2:in `<class:User>'
app/models/user.rb:1:in `<top (required)>'
app/controllers/users_controller.rb:3:in `index'
Started POST "/users?email=hector12j@gmail.com" for ::1 at 2020-04-22 18:06:54 +0200
  
AbstractController::ActionNotFound (The action 'create' could not be found for UsersController):
  
actionpack (5.2.4.2) lib/abstract_controller/base.rb:129:in `process'
actionpack (5.2.4.2) lib/action_controller/metal.rb:191:in `dispatch'
actionpack (5.2.4.2) lib/action_controller/metal.rb:252:in `dispatch'
actionpack (5.2.4.2) lib/action_dispatch/routing/route_set.rb:52:in `dispatch'
actionpack (5.2.4.2) lib/action_dispatch/routing/route_set.rb:34:in `serve'
actionpack (5.2.4.2) lib/action_dispatch/journey/router.rb:52:in `block in serve'
actionpack (5.2.4.2) lib/action_dispatch/journey/router.rb:35:in `each'
actionpack (5.2.4.2) lib/action_dispatch/journey/router.rb:35:in `serve'
actionpack (5.2.4.2) lib/action_dispatch/routing/route_set.rb:840:in `call'
rack (2.2.2) lib/rack/etag.rb:27:in `call'
rack (2.2.2) lib/rack/conditional_get.rb:40:in `call'
rack (2.2.2) lib/rack/head.rb:12:in `call'
activerecord (5.2.4.2) lib/active_record/migration.rb:559:in `call'
actionpack (5.2.4.2) lib/action_dispatch/middleware/callbacks.rb:28:in `block in call'
activesupport (5.2.4.2) lib/active_support/callbacks.rb:98:in `run_callbacks'
actionpack (5.2.4.2) lib/action_dispatch/middleware/callbacks.rb:26:in `call'
actionpack (5.2.4.2) lib/action_dispatch/middleware/executor.rb:14:in `call'
actionpack (5.2.4.2) lib/action_dispatch/middleware/debug_exceptions.rb:61:in `call'
actionpack (5.2.4.2) lib/action_dispatch/middleware/show_exceptions.rb:33:in `call'
railties (5.2.4.2) lib/rails/rack/logger.rb:38:in `call_app'
railties (5.2.4.2) lib/rails/rack/logger.rb:26:in `block in call'
activesupport (5.2.4.2) lib/active_support/tagged_logging.rb:71:in `block in tagged'
activesupport (5.2.4.2) lib/active_support/tagged_logging.rb:28:in `tagged'
activesupport (5.2.4.2) lib/active_support/tagged_logging.rb:71:in `tagged'
railties (5.2.4.2) lib/rails/rack/logger.rb:26:in `call'
actionpack (5.2.4.2) lib/action_dispatch/middleware/remote_ip.rb:81:in `call'
actionpack (5.2.4.2) lib/action_dispatch/middleware/request_id.rb:27:in `call'
rack (2.2.2) lib/rack/runtime.rb:22:in `call'
activesupport (5.2.4.2) lib/active_support/cache/strategy/local_cache_middleware.rb:29:in `call'
actionpack (5.2.4.2) lib/action_dispatch/middleware/executor.rb:14:in `call'
actionpack (5.2.4.2) lib/action_dispatch/middleware/static.rb:127:in `call'
rack (2.2.2) lib/rack/sendfile.rb:110:in `call'
railties (5.2.4.2) lib/rails/engine.rb:524:in `call'
puma (3.12.4) lib/puma/configuration.rb:227:in `call'
puma (3.12.4) lib/puma/server.rb:675:in `handle_request'
puma (3.12.4) lib/puma/server.rb:476:in `process_client'
puma (3.12.4) lib/puma/server.rb:334:in `block in run'
puma (3.12.4) lib/puma/thread_pool.rb:135:in `block in spawn_thread'
Started POST "/users?email=hector12j@gmail.com" for ::1 at 2020-04-22 18:07:16 +0200
Processing by UsersController#create as */*
  Parameters: {"email"=>"hector12j@gmail.com"}
Completed 500 Internal Server Error in 4ms (ActiveRecord: 0.0ms)


  
ArgumentError (Unknown validator: 'UniqueValidator'):
  
app/models/user.rb:2:in `<class:User>'
app/models/user.rb:1:in `<top (required)>'
app/controllers/users_controller.rb:11:in `create'
Started POST "/users?email=hector12j@gmail.com" for ::1 at 2020-04-22 18:07:28 +0200
Processing by UsersController#create as */*
  Parameters: {"email"=>"hector12j@gmail.com"}
Completed 500 Internal Server Error in 10ms (ActiveRecord: 0.0ms)


  
ArgumentError (Unknown validator: 'UniqueValidator'):
  
app/models/user.rb:2:in `<class:User>'
app/models/user.rb:1:in `<top (required)>'
app/controllers/users_controller.rb:11:in `create'
Started POST "/users?email=hector12j@gmail.com" for ::1 at 2020-04-22 18:07:38 +0200
Processing by UsersController#create as */*
  Parameters: {"email"=>"hector12j@gmail.com"}
Completed 500 Internal Server Error in 3ms (ActiveRecord: 0.0ms)


  
ArgumentError (Unknown validator: 'UniqueValidator'):
  
app/models/user.rb:2:in `<class:User>'
app/models/user.rb:1:in `<top (required)>'
app/controllers/users_controller.rb:11:in `create'
Started POST "/users?email=hector12j@gmail.com" for ::1 at 2020-04-22 18:08:54 +0200
Processing by UsersController#create as */*
  Parameters: {"email"=>"hector12j@gmail.com"}
Completed 400 Bad Request in 2ms (ActiveRecord: 0.0ms)


  
ActionController::ParameterMissing (param is missing or the value is empty: user):
  
app/controllers/users_controller.rb:28:in `user_params'
app/controllers/users_controller.rb:11:in `create'
Started POST "/users?email=hector12j@gmail.com" for ::1 at 2020-04-22 18:09:56 +0200
Processing by UsersController#create as */*
  Parameters: {"email"=>"hector12j@gmail.com"}
Completed 400 Bad Request in 0ms (ActiveRecord: 0.0ms)


  
ActionController::ParameterMissing (param is missing or the value is empty: user):
  
app/controllers/users_controller.rb:28:in `user_params'
app/controllers/users_controller.rb:11:in `create'
Started POST "/users?email=hector12j@gmail.com" for ::1 at 2020-04-22 18:11:13 +0200
Processing by UsersController#create as */*
  Parameters: {"email"=>"hector12j@gmail.com"}
Completed 500 Internal Server Error in 1ms (ActiveRecord: 0.0ms)


  
ArgumentError (You need to supply at least one validation):
  
app/models/user.rb:2:in `<class:User>'
app/models/user.rb:1:in `<top (required)>'
app/controllers/users_controller.rb:11:in `create'
Started POST "/users?email=hector12j@gmail.com" for ::1 at 2020-04-22 18:11:32 +0200
Processing by UsersController#create as */*
  Parameters: {"email"=>"hector12j@gmail.com"}
Completed 400 Bad Request in 2ms (ActiveRecord: 0.0ms)


  
ActionController::ParameterMissing (param is missing or the value is empty: user):
  
app/controllers/users_controller.rb:28:in `user_params'
app/controllers/users_controller.rb:11:in `create'
